{"D:\\Source\\nodejs\\perfect-number\\src\\index.js":{"path":"D:\\Source\\nodejs\\perfect-number\\src\\index.js","s":{"1":1,"2":6,"3":1,"4":5,"5":1,"6":4,"7":1,"8":3,"9":3,"10":38,"11":9,"12":3,"13":3,"14":1},"b":{"1":[1,5],"2":[1,4],"3":[1,3],"4":[9,29]},"f":{"1":6},"fnMap":{"1":{"name":"isPerfectNumber","line":1,"loc":{"start":{"line":1,"column":22},"end":{"line":1,"column":65}}}},"statementMap":{"1":{"start":{"line":1,"column":0},"end":{"line":24,"column":2}},"2":{"start":{"line":3,"column":2},"end":{"line":5,"column":3}},"3":{"start":{"line":4,"column":4},"end":{"line":4,"column":55}},"4":{"start":{"line":7,"column":2},"end":{"line":9,"column":3}},"5":{"start":{"line":8,"column":4},"end":{"line":8,"column":57}},"6":{"start":{"line":11,"column":2},"end":{"line":13,"column":3}},"7":{"start":{"line":12,"column":4},"end":{"line":12,"column":58}},"8":{"start":{"line":15,"column":2},"end":{"line":15,"column":14}},"9":{"start":{"line":17,"column":2},"end":{"line":21,"column":3}},"10":{"start":{"line":18,"column":4},"end":{"line":20,"column":5}},"11":{"start":{"line":19,"column":6},"end":{"line":19,"column":15}},"12":{"start":{"line":22,"column":2},"end":{"line":22,"column":30}},"13":{"start":{"line":23,"column":2},"end":{"line":23,"column":32}},"14":{"start":{"line":26,"column":0},"end":{"line":28,"column":2}}},"branchMap":{"1":{"line":3,"type":"if","locations":[{"start":{"line":3,"column":2},"end":{"line":3,"column":2}},{"start":{"line":3,"column":2},"end":{"line":3,"column":2}}]},"2":{"line":7,"type":"if","locations":[{"start":{"line":7,"column":2},"end":{"line":7,"column":2}},{"start":{"line":7,"column":2},"end":{"line":7,"column":2}}]},"3":{"line":11,"type":"if","locations":[{"start":{"line":11,"column":2},"end":{"line":11,"column":2}},{"start":{"line":11,"column":2},"end":{"line":11,"column":2}}]},"4":{"line":18,"type":"if","locations":[{"start":{"line":18,"column":4},"end":{"line":18,"column":4}},{"start":{"line":18,"column":4},"end":{"line":18,"column":4}}]}}}}