{"D:\\Source\\nodejs\\perfect-number\\src\\index.js":{"path":"D:\\Source\\nodejs\\perfect-number\\src\\index.js","s":{"1":1,"2":5,"3":1,"4":4,"5":1,"6":3,"7":3,"8":38,"9":9,"10":3,"11":3,"12":1},"b":{"1":[1,4],"2":[1,3],"3":[9,29]},"f":{"1":5},"fnMap":{"1":{"name":"isPerfectNumber","line":1,"loc":{"start":{"line":1,"column":22},"end":{"line":1,"column":65}}}},"statementMap":{"1":{"start":{"line":1,"column":0},"end":{"line":19,"column":2}},"2":{"start":{"line":3,"column":2},"end":{"line":5,"column":3}},"3":{"start":{"line":4,"column":4},"end":{"line":4,"column":55}},"4":{"start":{"line":6,"column":2},"end":{"line":8,"column":3}},"5":{"start":{"line":7,"column":4},"end":{"line":7,"column":58}},"6":{"start":{"line":10,"column":2},"end":{"line":10,"column":14}},"7":{"start":{"line":12,"column":2},"end":{"line":16,"column":3}},"8":{"start":{"line":13,"column":4},"end":{"line":15,"column":5}},"9":{"start":{"line":14,"column":6},"end":{"line":14,"column":15}},"10":{"start":{"line":17,"column":2},"end":{"line":17,"column":30}},"11":{"start":{"line":18,"column":2},"end":{"line":18,"column":32}},"12":{"start":{"line":21,"column":0},"end":{"line":23,"column":2}}},"branchMap":{"1":{"line":3,"type":"if","locations":[{"start":{"line":3,"column":2},"end":{"line":3,"column":2}},{"start":{"line":3,"column":2},"end":{"line":3,"column":2}}]},"2":{"line":6,"type":"if","locations":[{"start":{"line":6,"column":2},"end":{"line":6,"column":2}},{"start":{"line":6,"column":2},"end":{"line":6,"column":2}}]},"3":{"line":13,"type":"if","locations":[{"start":{"line":13,"column":4},"end":{"line":13,"column":4}},{"start":{"line":13,"column":4},"end":{"line":13,"column":4}}]}}}}